Using pre-set license
Built from '2021.1/release' branch; Version is '2021.1.4f1 (4cd64a618c1b) revision 5035594'; Using compiler version '192528614'; Build Type 'Release'
OS: 'Windows 7  (6.1.0) 64bit' Language: 'fr' Physical Memory: 8110 MB
BatchMode: 1, IsHumanControllingUs: 0, StartBugReporterOnCrash: 0, Is64bit: 1, IsPro: 0

 COMMAND LINE ARGUMENTS:
C:\Program Files\Unity 2021.1.4f1\Editor\Unity.exe
-adb2
-batchMode
-noUpm
-name
AssetImportWorker0
-projectPath
C:/Users/nathanael/Desktop/Ariane/Projet ariane/Ariane
-logFile
Logs/AssetImportWorker0.log
-srvPort
49826
Successfully changed project path to: C:/Users/nathanael/Desktop/Ariane/Projet ariane/Ariane
C:/Users/nathanael/Desktop/Ariane/Projet ariane/Ariane
Using Asset Import Pipeline V2.
Refreshing native plugins compatible for Editor in 105.07 ms, found 1 plugins.
Preloading 0 native plugins for Editor in 0.00 ms.
Initialize engine version: 2021.1.4f1 (4cd64a618c1b)
[Subsystems] Discovering subsystems at path C:/Program Files/Unity 2021.1.4f1/Editor/Data/Resources/UnitySubsystems
[Subsystems] Discovering subsystems at path C:/Users/nathanael/Desktop/Ariane/Projet ariane/Ariane/Assets
GfxDevice: creating device client; threaded=0; jobified=0
d3d11: CreateDXGIFactory2(...) not found, fallbacking to CreateDXGIFactory1(...).
d3d11: QueryInterface(IDXGIFactory5) failed (80004002).
Direct3D:
    Version:  Direct3D 11.0 [level 11.0]
    Renderer: AMD Mobility Radeon HD 5800 Series (ID=0x68a0)
    Vendor:   ATI
    VRAM:     1010 MB
    Driver:   14.501.1003.0
Initialize mono
Mono path[0] = 'C:/Program Files/Unity 2021.1.4f1/Editor/Data/Managed'
Mono path[1] = 'C:/Program Files/Unity 2021.1.4f1/Editor/Data/MonoBleedingEdge/lib/mono/unityjit'
Mono config path = 'C:/Program Files/Unity 2021.1.4f1/Editor/Data/MonoBleedingEdge/etc'
Using monoOptions --debugger-agent=transport=dt_socket,embedding=1,server=y,suspend=n,address=127.0.0.1:56864
Begin MonoManager ReloadAssembly
Registering precompiled unity dll's ...
Register platform support module: C:/Program Files/Unity 2021.1.4f1/Editor/Data/PlaybackEngines/WindowsStandaloneSupport/UnityEditor.WindowsStandalone.Extensions.dll
Registered in 0.003470 seconds.
Native extension for WindowsStandalone target not found
Refreshing native plugins compatible for Editor in 112.63 ms, found 1 plugins.
Preloading 0 native plugins for Editor in 0.00 ms.
Mono: successfully reloaded assembly
- Completed reload, in  3.094 seconds
Platform modules already initialized, skipping
Registering precompiled user dll's ...
Registered in 0.002385 seconds.
Begin MonoManager ReloadAssembly
Native extension for WindowsStandalone target not found
Refreshing native plugins compatible for Editor in 110.19 ms, found 1 plugins.
Preloading 0 native plugins for Editor in 0.00 ms.
Mono: successfully reloaded assembly
- Completed reload, in  2.639 seconds
Platform modules already initialized, skipping
========================================================================
Worker process is ready to serve import requests
Launched and connected shader compiler UnityShaderCompiler.exe after 0.08 seconds
Refreshing native plugins compatible for Editor in 1.05 ms, found 1 plugins.
Preloading 0 native plugins for Editor in 0.00 ms.
Unloading 1840 Unused Serialized files (Serialized files now loaded: 0)
System memory in use before: 87.2 MB.
System memory in use after: 87.3 MB.

Unloading 18 unused Assets to reduce memory usage. Loaded Objects now: 2305.
Total: 6.019945 ms (FindLiveObjects: 0.283578 ms CreateObjectMapping: 0.165528 ms MarkObjects: 5.525287 ms  DeleteObjects: 0.042344 ms)

========================================================================
Received Import Request.
  path: Assets/Sprites personnages/characters (3).png
  artifactKey: Guid(68d67973d1323be42b0ee08cf09a757a) Importer(815301076,1909f56bfc062723c751e8b465ee728b)
Start importing Assets/Sprites personnages/characters (3).png using Guid(68d67973d1323be42b0ee08cf09a757a) Importer(815301076,1909f56bfc062723c751e8b465ee728b)  -> (artifact id: 'e0d2ad9d2f1875d0efe6c2f46f517a28') in 0.795582 seconds 
========================================================================
Received Import Request.
  Time since last request: 7.812397 seconds.
  path: Assets/Chest.cs
  artifactKey: Guid(2e9a4aae7e9b6ac4899a3ae509f9a4fa) Importer(815301076,1909f56bfc062723c751e8b465ee728b)
Start importing Assets/Chest.cs using Guid(2e9a4aae7e9b6ac4899a3ae509f9a4fa) Importer(815301076,1909f56bfc062723c751e8b465ee728b)  -> (artifact id: 'c223b5263a9a9f2c3587dc27dc2fe28a') in 0.089093 seconds 
========================================================================
Received Prepare
Refreshing native plugins compatible for Editor in 6.16 ms, found 1 plugins.
Preloading 0 native plugins for Editor in 0.00 ms.
Unloading 6 Unused Serialized files (Serialized files now loaded: 0)
System memory in use before: 54.5 MB.
System memory in use after: 54.6 MB.

Unloading 5 unused Assets to reduce memory usage. Loaded Objects now: 2313.
Total: 6.859132 ms (FindLiveObjects: 0.286145 ms CreateObjectMapping: 0.166811 ms MarkObjects: 6.371531 ms  DeleteObjects: 0.032079 ms)

========================================================================
Received Prepare
Registering precompiled user dll's ...
Registered in 0.002319 seconds.
Begin MonoManager ReloadAssembly
Native extension for WindowsStandalone target not found
Refreshing native plugins compatible for Editor in 0.65 ms, found 1 plugins.
Preloading 0 native plugins for Editor in 0.00 ms.
Mono: successfully reloaded assembly
- Completed reload, in  1.928 seconds
Platform modules already initialized, skipping
Refreshing native plugins compatible for Editor in 0.79 ms, found 1 plugins.
Preloading 0 native plugins for Editor in 0.00 ms.
Unloading 1831 Unused Serialized files (Serialized files now loaded: 0)
System memory in use before: 91.1 MB.
System memory in use after: 91.2 MB.

Unloading 8 unused Assets to reduce memory usage. Loaded Objects now: 2330.
Total: 4.809284 ms (FindLiveObjects: 0.391364 ms CreateObjectMapping: 0.167452 ms MarkObjects: 4.214539 ms  DeleteObjects: 0.033362 ms)

========================================================================
Received Import Request.
  Time since last request: 133.614096 seconds.
  path: Assets/Sprites/sky.jpeg
  artifactKey: Guid(437559975b4288c41b32171ead4535c6) Importer(815301076,1909f56bfc062723c751e8b465ee728b)
Start importing Assets/Sprites/sky.jpeg using Guid(437559975b4288c41b32171ead4535c6) Importer(815301076,1909f56bfc062723c751e8b465ee728b)  -> (artifact id: 'b0838cb0275a17495427af242f88f217') in 0.233014 seconds 
========================================================================
Received Prepare
Registering precompiled user dll's ...
Registered in 0.002255 seconds.
Begin MonoManager ReloadAssembly
Native extension for WindowsStandalone target not found
Refreshing native plugins compatible for Editor in 0.79 ms, found 1 plugins.
Preloading 0 native plugins for Editor in 0.00 ms.
Mono: successfully reloaded assembly
- Completed reload, in  2.211 seconds
Platform modules already initialized, skipping
Refreshing native plugins compatible for Editor in 0.89 ms, found 1 plugins.
Preloading 0 native plugins for Editor in 0.00 ms.
Unloading 1831 Unused Serialized files (Serialized files now loaded: 0)
System memory in use before: 92.5 MB.
System memory in use after: 92.6 MB.

Unloading 8 unused Assets to reduce memory usage. Loaded Objects now: 2351.
Total: 5.980167 ms (FindLiveObjects: 0.295768 ms CreateObjectMapping: 0.164244 ms MarkObjects: 5.462412 ms  DeleteObjects: 0.055176 ms)

========================================================================
Received Prepare
Registering precompiled user dll's ...
Registered in 0.002072 seconds.
Begin MonoManager ReloadAssembly
Native extension for WindowsStandalone target not found
Refreshing native plugins compatible for Editor in 0.69 ms, found 1 plugins.
Preloading 0 native plugins for Editor in 0.00 ms.
Mono: successfully reloaded assembly
- Completed reload, in  1.765 seconds
Platform modules already initialized, skipping
Refreshing native plugins compatible for Editor in 0.77 ms, found 1 plugins.
Preloading 0 native plugins for Editor in 0.00 ms.
Unloading 1830 Unused Serialized files (Serialized files now loaded: 0)
System memory in use before: 92.5 MB.
System memory in use after: 92.6 MB.

Unloading 8 unused Assets to reduce memory usage. Loaded Objects now: 2354.
Total: 5.133923 ms (FindLiveObjects: 0.448464 ms CreateObjectMapping: 0.162961 ms MarkObjects: 4.489135 ms  DeleteObjects: 0.027588 ms)

========================================================================
Received Import Request.
  Time since last request: 147.272682 seconds.
  path: Assets/Physics
  artifactKey: Guid(e3746e5c4187e0940bd3d4bbb39d444c) Importer(815301076,1909f56bfc062723c751e8b465ee728b)
Start importing Assets/Physics using Guid(e3746e5c4187e0940bd3d4bbb39d444c) Importer(815301076,1909f56bfc062723c751e8b465ee728b)  -> (artifact id: 'b1c990843716642cbff6f6d59d59854a') in 0.021481 seconds 
========================================================================
Received Import Request.
  Time since last request: 0.049622 seconds.
  path: Assets/Physics/Nofriction.physicsMaterial2D
  artifactKey: Guid(63295246a66217f41b0a5fcef745166b) Importer(815301076,1909f56bfc062723c751e8b465ee728b)
Start importing Assets/Physics/Nofriction.physicsMaterial2D using Guid(63295246a66217f41b0a5fcef745166b) Importer(815301076,1909f56bfc062723c751e8b465ee728b)  -> (artifact id: 'f6e983c787a46459b6f8c14cd370b774') in 0.032384 seconds 
========================================================================
Received Import Request.
  Time since last request: 6.302125 seconds.
  path: Assets/Palette2/Environnement.prefab
  artifactKey: Guid(ffec1eb755a36c344b5f373abe6a60cb) Importer(815301076,1909f56bfc062723c751e8b465ee728b)
Start importing Assets/Palette2/Environnement.prefab using Guid(ffec1eb755a36c344b5f373abe6a60cb) Importer(815301076,1909f56bfc062723c751e8b465ee728b)  -> (artifact id: 'f20932146c25a6caba94cf9720811c14') in 0.064868 seconds 
========================================================================
Received Import Request.
  Time since last request: 0.000561 seconds.
  path: Assets/Palette2/ExampleTiles.png
  artifactKey: Guid(f7a05f9619346e147a89cb07e40907db) Importer(815301076,1909f56bfc062723c751e8b465ee728b)
Start importing Assets/Palette2/ExampleTiles.png using Guid(f7a05f9619346e147a89cb07e40907db) Importer(815301076,1909f56bfc062723c751e8b465ee728b)  -> (artifact id: '05041dfd4ed848b6bbec6bc69ae2e1a0') in 0.464502 seconds 
========================================================================
Received Import Request.
  Time since last request: 0.000669 seconds.
  path: Assets/Palette2/ExampleTiles_13.asset
  artifactKey: Guid(15f1b46e2da350645b7a376273a72e35) Importer(815301076,1909f56bfc062723c751e8b465ee728b)
Start importing Assets/Palette2/ExampleTiles_13.asset using Guid(15f1b46e2da350645b7a376273a72e35) Importer(815301076,1909f56bfc062723c751e8b465ee728b)  -> (artifact id: 'f2b326a0924c4afdd7e68c102b9e9e03') in 0.055079 seconds 
========================================================================
Received Import Request.
  Time since last request: 0.000573 seconds.
  path: Assets/Palette2/ExampleTiles_17.asset
  artifactKey: Guid(f52f9fde89962094bb3e831248a6c0a2) Importer(815301076,1909f56bfc062723c751e8b465ee728b)
Start importing Assets/Palette2/ExampleTiles_17.asset using Guid(f52f9fde89962094bb3e831248a6c0a2) Importer(815301076,1909f56bfc062723c751e8b465ee728b)  -> (artifact id: '3fc7f3cbe517d33918a0f897f1ec97c6') in 0.034634 seconds 
========================================================================
Received Import Request.
  Time since last request: 0.000633 seconds.
  path: Assets/Palette2/ExampleTiles_19.asset
  artifactKey: Guid(565c9d3070151fd46b3d412e4409bc8c) Importer(815301076,1909f56bfc062723c751e8b465ee728b)
Start importing Assets/Palette2/ExampleTiles_19.asset using Guid(565c9d3070151fd46b3d412e4409bc8c) Importer(815301076,1909f56bfc062723c751e8b465ee728b)  -> (artifact id: '86f6ce76961086999be80fba3fb3d1be') in 0.029485 seconds 
========================================================================
Received Import Request.
  Time since last request: 0.000638 seconds.
  path: Assets/Palette2/ExampleTiles_23.asset
  artifactKey: Guid(ba89f9dfe2d7bf94db9e1f2c288f0469) Importer(815301076,1909f56bfc062723c751e8b465ee728b)
Start importing Assets/Palette2/ExampleTiles_23.asset using Guid(ba89f9dfe2d7bf94db9e1f2c288f0469) Importer(815301076,1909f56bfc062723c751e8b465ee728b)  -> (artifact id: 'bcbfda5a27b51d6c268401daf4930718') in 0.028325 seconds 
========================================================================
Received Import Request.
  Time since last request: 0.000569 seconds.
  path: Assets/Palette2/ExampleTiles_25.asset
  artifactKey: Guid(7d62dff26e1ba864fbf30c316b6e04c3) Importer(815301076,1909f56bfc062723c751e8b465ee728b)
Start importing Assets/Palette2/ExampleTiles_25.asset using Guid(7d62dff26e1ba864fbf30c316b6e04c3) Importer(815301076,1909f56bfc062723c751e8b465ee728b)  -> (artifact id: 'c27a4195f63e7014ed8576d9e9d64725') in 0.025691 seconds 
========================================================================
Received Import Request.
  Time since last request: 0.000900 seconds.
  path: Assets/Palette2/ExampleTiles_12.asset
  artifactKey: Guid(ac2a223ddb042f644b2cc03482fb1ff7) Importer(815301076,1909f56bfc062723c751e8b465ee728b)
Start importing Assets/Palette2/ExampleTiles_12.asset using Guid(ac2a223ddb042f644b2cc03482fb1ff7) Importer(815301076,1909f56bfc062723c751e8b465ee728b)  -> (artifact id: 'a276963e7ed47072d19536b73025c5df') in 0.027923 seconds 
========================================================================
Received Import Request.
  Time since last request: 0.000624 seconds.
  path: Assets/Palette2/ExampleTiles_11.asset
  artifactKey: Guid(0e255cfd9a6405b4dab131153373f0bb) Importer(815301076,1909f56bfc062723c751e8b465ee728b)
Start importing Assets/Palette2/ExampleTiles_11.asset using Guid(0e255cfd9a6405b4dab131153373f0bb) Importer(815301076,1909f56bfc062723c751e8b465ee728b)  -> (artifact id: '49ab7fb11bbe2fbb29d6001aa78c6952') in 0.032057 seconds 
========================================================================
Received Import Request.
  Time since last request: 0.000536 seconds.
  path: Assets/Palette2/ExampleTiles_28.asset
  artifactKey: Guid(3a82cfc40102bd64c9637dfe28555c74) Importer(815301076,1909f56bfc062723c751e8b465ee728b)
Start importing Assets/Palette2/ExampleTiles_28.asset using Guid(3a82cfc40102bd64c9637dfe28555c74) Importer(815301076,1909f56bfc062723c751e8b465ee728b)  -> (artifact id: '2633ef74ace9a5817b5234f4a323d38c') in 0.032970 seconds 
========================================================================
Received Import Request.
  Time since last request: 0.000534 seconds.
  path: Assets/Palette2/ExampleTiles_30.asset
  artifactKey: Guid(940aac3f8870bf64388dc6860f1134e5) Importer(815301076,1909f56bfc062723c751e8b465ee728b)
Start importing Assets/Palette2/ExampleTiles_30.asset using Guid(940aac3f8870bf64388dc6860f1134e5) Importer(815301076,1909f56bfc062723c751e8b465ee728b)  -> (artifact id: '5ab61f830abebc200e622cfe85e036e6') in 0.032132 seconds 
========================================================================
Received Import Request.
  Time since last request: 0.000441 seconds.
  path: Assets/Palette2/ExampleTiles_1.asset
  artifactKey: Guid(da208d7adf8af36448464500cf01a084) Importer(815301076,1909f56bfc062723c751e8b465ee728b)
Start importing Assets/Palette2/ExampleTiles_1.asset using Guid(da208d7adf8af36448464500cf01a084) Importer(815301076,1909f56bfc062723c751e8b465ee728b)  -> (artifact id: 'd02fb339f51a86954fc65f560d7957eb') in 0.029862 seconds 
========================================================================
Received Import Request.
  Time since last request: 0.000459 seconds.
  path: Assets/Palette2/ExampleTiles_35.asset
  artifactKey: Guid(70e4c7bb19fce6748ba3957af196f0e8) Importer(815301076,1909f56bfc062723c751e8b465ee728b)
Start importing Assets/Palette2/ExampleTiles_35.asset using Guid(70e4c7bb19fce6748ba3957af196f0e8) Importer(815301076,1909f56bfc062723c751e8b465ee728b)  -> (artifact id: '83e1a027fec9448a167638c85b8d3d1f') in 0.021699 seconds 
========================================================================
Received Import Request.
  Time since last request: 0.000497 seconds.
  path: Assets/Palette2/ExampleTiles_34.asset
  artifactKey: Guid(9db7ae0787e5ab745803125b69898fba) Importer(815301076,1909f56bfc062723c751e8b465ee728b)
Start importing Assets/Palette2/ExampleTiles_34.asset using Guid(9db7ae0787e5ab745803125b69898fba) Importer(815301076,1909f56bfc062723c751e8b465ee728b)  -> (artifact id: '8bed22b732a44753680edb0735ca1b76') in 0.035517 seconds 
========================================================================
Received Import Request.
  Time since last request: 0.000469 seconds.
  path: Assets/Palette2/ExampleTiles_37.asset
  artifactKey: Guid(1ecc63f00dcfdb74b895ea42af76f224) Importer(815301076,1909f56bfc062723c751e8b465ee728b)
Start importing Assets/Palette2/ExampleTiles_37.asset using Guid(1ecc63f00dcfdb74b895ea42af76f224) Importer(815301076,1909f56bfc062723c751e8b465ee728b)  -> (artifact id: 'af842c3eb571e7a2d079d40a39c512d5') in 0.021420 seconds 
========================================================================
Received Import Request.
  Time since last request: 0.000452 seconds.
  path: Assets/Palette2/ExampleTiles_41.asset
  artifactKey: Guid(86344664ceaafc04893bb6b496c02b50) Importer(815301076,1909f56bfc062723c751e8b465ee728b)
Start importing Assets/Palette2/ExampleTiles_41.asset using Guid(86344664ceaafc04893bb6b496c02b50) Importer(815301076,1909f56bfc062723c751e8b465ee728b)  -> (artifact id: '827bf610c94493c950660c8c409d07e0') in 0.033077 seconds 
========================================================================
Received Import Request.
  Time since last request: 0.000516 seconds.
  path: Assets/Palette2/ExampleTiles_40.asset
  artifactKey: Guid(87349336fbf74874d9949dd0b5242839) Importer(815301076,1909f56bfc062723c751e8b465ee728b)
Start importing Assets/Palette2/ExampleTiles_40.asset using Guid(87349336fbf74874d9949dd0b5242839) Importer(815301076,1909f56bfc062723c751e8b465ee728b)  -> (artifact id: '986aa9b9da16c2dbfa9f88bc66a0cbc9') in 0.022235 seconds 
========================================================================
Received Import Request.
  Time since last request: 0.000473 seconds.
  path: Assets/Palette2/ExampleTiles_43.asset
  artifactKey: Guid(2f22f6497684e6841b9e04d185e7a635) Importer(815301076,1909f56bfc062723c751e8b465ee728b)
Start importing Assets/Palette2/ExampleTiles_43.asset using Guid(2f22f6497684e6841b9e04d185e7a635) Importer(815301076,1909f56bfc062723c751e8b465ee728b)  -> (artifact id: 'f94479e0d2fdb1cfbc4ddac90b90193b') in 0.028172 seconds 
========================================================================
Received Import Request.
  Time since last request: 0.000522 seconds.
  path: Assets/Palette2/ExampleTiles_18.asset
  artifactKey: Guid(0b9c3c1a2811ad448930004d2b4e311e) Importer(815301076,1909f56bfc062723c751e8b465ee728b)
Start importing Assets/Palette2/ExampleTiles_18.asset using Guid(0b9c3c1a2811ad448930004d2b4e311e) Importer(815301076,1909f56bfc062723c751e8b465ee728b)  -> (artifact id: 'f7772b0c1cc455fcd21d84f49afde941') in 0.021355 seconds 
========================================================================
Received Import Request.
  Time since last request: 0.000791 seconds.
  path: Assets/Palette2/ExampleTiles_16.asset
  artifactKey: Guid(58046baa482390f4e88c381648b6f124) Importer(815301076,1909f56bfc062723c751e8b465ee728b)
Start importing Assets/Palette2/ExampleTiles_16.asset using Guid(58046baa482390f4e88c381648b6f124) Importer(815301076,1909f56bfc062723c751e8b465ee728b)  -> (artifact id: 'daf328366839fecb0b17ae4e4197c47a') in 0.019804 seconds 
========================================================================
Received Import Request.
  Time since last request: 0.000674 seconds.
  path: Assets/Palette2/ExampleTiles_9.asset
  artifactKey: Guid(a20ee24732003a3478fb2cad7c415fcf) Importer(815301076,1909f56bfc062723c751e8b465ee728b)
Start importing Assets/Palette2/ExampleTiles_9.asset using Guid(a20ee24732003a3478fb2cad7c415fcf) Importer(815301076,1909f56bfc062723c751e8b465ee728b)  -> (artifact id: '8f67e3015c420b093762094f9edd4f79') in 0.020824 seconds 
========================================================================
Received Import Request.
  Time since last request: 0.000486 seconds.
  path: Assets/Palette2/ExampleTiles_33.asset
  artifactKey: Guid(ba156864f8b2c8c40ab4da1907dcbd2f) Importer(815301076,1909f56bfc062723c751e8b465ee728b)
Start importing Assets/Palette2/ExampleTiles_33.asset using Guid(ba156864f8b2c8c40ab4da1907dcbd2f) Importer(815301076,1909f56bfc062723c751e8b465ee728b)  -> (artifact id: 'd98ca9c78aef4de85ddf6722cb2b9be6') in 0.021839 seconds 
========================================================================
Received Import Request.
  Time since last request: 0.000604 seconds.
  path: Assets/Palette2/ExampleTiles_14.asset
  artifactKey: Guid(96f0280e7374c4c40a5eb4090543cffc) Importer(815301076,1909f56bfc062723c751e8b465ee728b)
Start importing Assets/Palette2/ExampleTiles_14.asset using Guid(96f0280e7374c4c40a5eb4090543cffc) Importer(815301076,1909f56bfc062723c751e8b465ee728b)  -> (artifact id: '6fd1d51d1a5a385b183797c52f0dd872') in 0.027419 seconds 
========================================================================
Received Import Request.
  Time since last request: 0.000670 seconds.
  path: Assets/Palette2/ExampleTiles_26.asset
  artifactKey: Guid(ffc0c1bdfb9100842a74f58d3217ed55) Importer(815301076,1909f56bfc062723c751e8b465ee728b)
Start importing Assets/Palette2/ExampleTiles_26.asset using Guid(ffc0c1bdfb9100842a74f58d3217ed55) Importer(815301076,1909f56bfc062723c751e8b465ee728b)  -> (artifact id: '8d955e82eb57e249e10a4aeb2e2a1cba') in 0.020110 seconds 
========================================================================
Received Import Request.
  Time since last request: 0.000552 seconds.
  path: Assets/Palette2/ExampleTiles_51.asset
  artifactKey: Guid(606de650912ea5146baebd3e13f58923) Importer(815301076,1909f56bfc062723c751e8b465ee728b)
Start importing Assets/Palette2/ExampleTiles_51.asset using Guid(606de650912ea5146baebd3e13f58923) Importer(815301076,1909f56bfc062723c751e8b465ee728b)  -> (artifact id: 'e5e1f52553d66125b880dd7204b5ada2') in 0.041091 seconds 
========================================================================
Received Import Request.
  Time since last request: 0.000401 seconds.
  path: Assets/Palette2/ExampleTiles_39.asset
  artifactKey: Guid(7d59e84d8517dc04f83534c6aead129e) Importer(815301076,1909f56bfc062723c751e8b465ee728b)
Start importing Assets/Palette2/ExampleTiles_39.asset using Guid(7d59e84d8517dc04f83534c6aead129e) Importer(815301076,1909f56bfc062723c751e8b465ee728b)  -> (artifact id: '7d6a258bc1f7f33f7815b5c3db6bea2e') in 0.030232 seconds 
========================================================================
Received Import Request.
  Time since last request: 0.000500 seconds.
  path: Assets/Palette2/ExampleTiles_27.asset
  artifactKey: Guid(7a8852d5dec2ac94d89f46422099cfd4) Importer(815301076,1909f56bfc062723c751e8b465ee728b)
Start importing Assets/Palette2/ExampleTiles_27.asset using Guid(7a8852d5dec2ac94d89f46422099cfd4) Importer(815301076,1909f56bfc062723c751e8b465ee728b)  -> (artifact id: 'b6a73cdc4fc7ad2d98e5745d8821d712') in 0.028381 seconds 
========================================================================
Received Import Request.
  Time since last request: 0.000644 seconds.
  path: Assets/Palette2/ExampleTiles_36.asset
  artifactKey: Guid(5445296c6f38ac044927d24d6ea6657f) Importer(815301076,1909f56bfc062723c751e8b465ee728b)
Start importing Assets/Palette2/ExampleTiles_36.asset using Guid(5445296c6f38ac044927d24d6ea6657f) Importer(815301076,1909f56bfc062723c751e8b465ee728b)  -> (artifact id: '5370c0bbd64693e7c1c324fde7e7b015') in 0.020933 seconds 
========================================================================
Received Import Request.
  Time since last request: 0.000766 seconds.
  path: Assets/Palette2/ExampleTiles_49.asset
  artifactKey: Guid(a9ad118993f790f459f9dfd2672d2e43) Importer(815301076,1909f56bfc062723c751e8b465ee728b)
Start importing Assets/Palette2/ExampleTiles_49.asset using Guid(a9ad118993f790f459f9dfd2672d2e43) Importer(815301076,1909f56bfc062723c751e8b465ee728b)  -> (artifact id: '139603d4d470855e116b3323c0b5f321') in 0.023891 seconds 
========================================================================
Received Import Request.
  Time since last request: 0.000545 seconds.
  path: Assets/Palette2/ExampleTiles_54.asset
  artifactKey: Guid(ccc6f4f6b95473a44bb9db867c9cd917) Importer(815301076,1909f56bfc062723c751e8b465ee728b)
Start importing Assets/Palette2/ExampleTiles_54.asset using Guid(ccc6f4f6b95473a44bb9db867c9cd917) Importer(815301076,1909f56bfc062723c751e8b465ee728b)  -> (artifact id: '8274f1107f6b7585d485cc4f9f135b31') in 0.031094 seconds 
========================================================================
Received Import Request.
  Time since last request: 0.000477 seconds.
  path: Assets/Palette2/ExampleTiles_48.asset
  artifactKey: Guid(053fd82cf70b8a748bdc17b6ba671582) Importer(815301076,1909f56bfc062723c751e8b465ee728b)
Start importing Assets/Palette2/ExampleTiles_48.asset using Guid(053fd82cf70b8a748bdc17b6ba671582) Importer(815301076,1909f56bfc062723c751e8b465ee728b)  -> (artifact id: '82332b7755fc6039a40d0e92ce2edca3') in 0.025321 seconds 
========================================================================
Received Import Request.
  Time since last request: 0.000744 seconds.
  path: Assets/Palette2/ExampleTiles_3.asset
  artifactKey: Guid(65c83786d2a73dc46a663547e538957e) Importer(815301076,1909f56bfc062723c751e8b465ee728b)
Start importing Assets/Palette2/ExampleTiles_3.asset using Guid(65c83786d2a73dc46a663547e538957e) Importer(815301076,1909f56bfc062723c751e8b465ee728b)  -> (artifact id: '18d08b6183052e1457f83bc8d74606e0') in 0.019829 seconds 
========================================================================
Received Import Request.
  Time since last request: 0.000657 seconds.
  path: Assets/Palette2/ExampleTiles_46.asset
  artifactKey: Guid(2445903194e03da43b41cba38ce3d00d) Importer(815301076,1909f56bfc062723c751e8b465ee728b)
Start importing Assets/Palette2/ExampleTiles_46.asset using Guid(2445903194e03da43b41cba38ce3d00d) Importer(815301076,1909f56bfc062723c751e8b465ee728b)  -> (artifact id: '0994ae32cbe45bec7a344ba160dcd20f') in 0.035624 seconds 
========================================================================
Received Import Request.
  Time since last request: 0.000750 seconds.
  path: Assets/Palette2/ExampleTiles_58.asset
  artifactKey: Guid(caa365fe3d085174aa3487fcf8a765ad) Importer(815301076,1909f56bfc062723c751e8b465ee728b)
Start importing Assets/Palette2/ExampleTiles_58.asset using Guid(caa365fe3d085174aa3487fcf8a765ad) Importer(815301076,1909f56bfc062723c751e8b465ee728b)  -> (artifact id: '74fd8dcba50c8fd8e22302dcb044cb94') in 0.025436 seconds 
========================================================================
Received Import Request.
  Time since last request: 0.000686 seconds.
  path: Assets/Palette2/ExampleTiles_20.asset
  artifactKey: Guid(41e96acb4422ab64dab7b1ba72ebf693) Importer(815301076,1909f56bfc062723c751e8b465ee728b)
Start importing Assets/Palette2/ExampleTiles_20.asset using Guid(41e96acb4422ab64dab7b1ba72ebf693) Importer(815301076,1909f56bfc062723c751e8b465ee728b)  -> (artifact id: '15aec05bfa3e0d38303cc3e717a035b0') in 0.046361 seconds 
========================================================================
Received Import Request.
  Time since last request: 0.000507 seconds.
  path: Assets/Palette2/ExampleTiles_24.asset
  artifactKey: Guid(0961d273c64a1b04e9e84dcf09c4df89) Importer(815301076,1909f56bfc062723c751e8b465ee728b)
Start importing Assets/Palette2/ExampleTiles_24.asset using Guid(0961d273c64a1b04e9e84dcf09c4df89) Importer(815301076,1909f56bfc062723c751e8b465ee728b)  -> (artifact id: '7a2e465f75a824080b12f6f69cc4fbf5') in 0.048942 seconds 
========================================================================
Received Import Request.
  Time since last request: 0.000475 seconds.
  path: Assets/Palette2/ExampleTiles_31.asset
  artifactKey: Guid(0c0d042a8c7ff52409118cd66f76aa4f) Importer(815301076,1909f56bfc062723c751e8b465ee728b)
Start importing Assets/Palette2/ExampleTiles_31.asset using Guid(0c0d042a8c7ff52409118cd66f76aa4f) Importer(815301076,1909f56bfc062723c751e8b465ee728b)  -> (artifact id: 'ca2cd49c43a714c58b292788fd9701fe') in 0.024829 seconds 
========================================================================
Received Import Request.
  Time since last request: 0.000578 seconds.
  path: Assets/Palette2/ExampleTiles_59.asset
  artifactKey: Guid(4b0c3d61a26822f41bd66b50c3750daf) Importer(815301076,1909f56bfc062723c751e8b465ee728b)
Start importing Assets/Palette2/ExampleTiles_59.asset using Guid(4b0c3d61a26822f41bd66b50c3750daf) Importer(815301076,1909f56bfc062723c751e8b465ee728b)  -> (artifact id: 'c062ddd3fa946b76e95de516e07b8dab') in 0.020347 seconds 
========================================================================
Received Import Request.
  Time since last request: 0.000710 seconds.
  path: Assets/Palette2/ExampleTiles_52.asset
  artifactKey: Guid(28e6dbfc3a40de641b468a545f0fa31d) Importer(815301076,1909f56bfc062723c751e8b465ee728b)
Start importing Assets/Palette2/ExampleTiles_52.asset using Guid(28e6dbfc3a40de641b468a545f0fa31d) Importer(815301076,1909f56bfc062723c751e8b465ee728b)  -> (artifact id: '28ec63a9616d4f24ee1d1cfd69bcae3a') in 0.021471 seconds 
========================================================================
Received Import Request.
  Time since last request: 0.000681 seconds.
  path: Assets/Palette2/ExampleTiles_44.asset
  artifactKey: Guid(5cb0ca0c18299d74a9dba58f5157b940) Importer(815301076,1909f56bfc062723c751e8b465ee728b)
Start importing Assets/Palette2/ExampleTiles_44.asset using Guid(5cb0ca0c18299d74a9dba58f5157b940) Importer(815301076,1909f56bfc062723c751e8b465ee728b)  -> (artifact id: 'b7bf698c5872117268401e005af9e4b5') in 0.022174 seconds 
========================================================================
Received Import Request.
  Time since last request: 0.000446 seconds.
  path: Assets/Palette2/ExampleTiles_32.asset
  artifactKey: Guid(7f7d25f5a13b3d549bbe989b1c401770) Importer(815301076,1909f56bfc062723c751e8b465ee728b)
Start importing Assets/Palette2/ExampleTiles_32.asset using Guid(7f7d25f5a13b3d549bbe989b1c401770) Importer(815301076,1909f56bfc062723c751e8b465ee728b)  -> (artifact id: 'd6a51b37770ecbdb18d078417d012e7f') in 0.034278 seconds 
========================================================================
Received Import Request.
  Time since last request: 0.000645 seconds.
  path: Assets/Palette2/ExampleTiles_53.asset
  artifactKey: Guid(1a099123c87b12b43b58798fb5b7baff) Importer(815301076,1909f56bfc062723c751e8b465ee728b)
Start importing Assets/Palette2/ExampleTiles_53.asset using Guid(1a099123c87b12b43b58798fb5b7baff) Importer(815301076,1909f56bfc062723c751e8b465ee728b)  -> (artifact id: 'bcdb08a4904bfa1cfa90874fca54347e') in 0.024709 seconds 
========================================================================
Received Import Request.
  Time since last request: 0.000534 seconds.
  path: Assets/Palette2/ExampleTiles_60.asset
  artifactKey: Guid(119c9a1ade62b544f8a6cca09a76c1dc) Importer(815301076,1909f56bfc062723c751e8b465ee728b)
Start importing Assets/Palette2/ExampleTiles_60.asset using Guid(119c9a1ade62b544f8a6cca09a76c1dc) Importer(815301076,1909f56bfc062723c751e8b465ee728b)  -> (artifact id: '6434acaf68153013843216355433721e') in 0.023808 seconds 
========================================================================
Received Import Request.
  Time since last request: 0.000575 seconds.
  path: Assets/Palette2/ExampleTiles_5.asset
  artifactKey: Guid(11072b116cb853d4f801c7c8bb2cfb44) Importer(815301076,1909f56bfc062723c751e8b465ee728b)
Start importing Assets/Palette2/ExampleTiles_5.asset using Guid(11072b116cb853d4f801c7c8bb2cfb44) Importer(815301076,1909f56bfc062723c751e8b465ee728b)  -> (artifact id: 'be9ae553559b31a2197ae1da5f62a94d') in 0.025072 seconds 
========================================================================
Received Import Request.
  Time since last request: 0.000543 seconds.
  path: Assets/Palette2/ExampleTiles_64.asset
  artifactKey: Guid(b650a3e81ef94dd428f7b52f16385bce) Importer(815301076,1909f56bfc062723c751e8b465ee728b)
Start importing Assets/Palette2/ExampleTiles_64.asset using Guid(b650a3e81ef94dd428f7b52f16385bce) Importer(815301076,1909f56bfc062723c751e8b465ee728b)  -> (artifact id: '4d43c4aa56395bc129da3b61a3e2e403') in 0.024096 seconds 
========================================================================
Received Import Request.
  Time since last request: 0.000504 seconds.
  path: Assets/Palette2/ExampleTiles_63.asset
  artifactKey: Guid(5941ae3e6e2d81f4cb7ee39598eed22e) Importer(815301076,1909f56bfc062723c751e8b465ee728b)
Start importing Assets/Palette2/ExampleTiles_63.asset using Guid(5941ae3e6e2d81f4cb7ee39598eed22e) Importer(815301076,1909f56bfc062723c751e8b465ee728b)  -> (artifact id: '134c325b3dd4fd544d73f9dc7000a6e9') in 0.021895 seconds 
========================================================================
Received Import Request.
  Time since last request: 0.000558 seconds.
  path: Assets/Palette2/ExampleTiles_66.asset
  artifactKey: Guid(848737074c3ba2f418f6c50b7f4dc869) Importer(815301076,1909f56bfc062723c751e8b465ee728b)
Start importing Assets/Palette2/ExampleTiles_66.asset using Guid(848737074c3ba2f418f6c50b7f4dc869) Importer(815301076,1909f56bfc062723c751e8b465ee728b)  -> (artifact id: '043acabb573cbabd07ffa92edb2fb1e0') in 0.034591 seconds 
========================================================================
Received Import Request.
  Time since last request: 0.000470 seconds.
  path: Assets/Palette2/ExampleTiles_67.asset
  artifactKey: Guid(353cf86b84923d54b866a357540d3737) Importer(815301076,1909f56bfc062723c751e8b465ee728b)
Start importing Assets/Palette2/ExampleTiles_67.asset using Guid(353cf86b84923d54b866a357540d3737) Importer(815301076,1909f56bfc062723c751e8b465ee728b)  -> (artifact id: 'abb5b06bd869abca3d822fbb3f56275f') in 0.027351 seconds 
========================================================================
Received Import Request.
  Time since last request: 0.000626 seconds.
  path: Assets/Palette2/ExampleTiles_69.asset
  artifactKey: Guid(31e5e88bd4cd1cb4d89a5d8083d44d8f) Importer(815301076,1909f56bfc062723c751e8b465ee728b)
Start importing Assets/Palette2/ExampleTiles_69.asset using Guid(31e5e88bd4cd1cb4d89a5d8083d44d8f) Importer(815301076,1909f56bfc062723c751e8b465ee728b)  -> (artifact id: '22468780a47b5c2e269a354d1b66fd29') in 0.021083 seconds 
========================================================================
Received Import Request.
  Time since last request: 0.000504 seconds.
  path: Assets/Palette2/ExampleTiles_68.asset
  artifactKey: Guid(50d6cf48e693ac0498cfa80770a68d9b) Importer(815301076,1909f56bfc062723c751e8b465ee728b)
Start importing Assets/Palette2/ExampleTiles_68.asset using Guid(50d6cf48e693ac0498cfa80770a68d9b) Importer(815301076,1909f56bfc062723c751e8b465ee728b)  -> (artifact id: '1f514b86037d04bc2c05e053c95b60f1') in 0.032572 seconds 
========================================================================
Received Import Request.
  Time since last request: 0.000647 seconds.
  path: Assets/Palette2/ExampleTiles_71.asset
  artifactKey: Guid(115fe32aa8fd8de4ba7fe580dfdc2e66) Importer(815301076,1909f56bfc062723c751e8b465ee728b)
Start importing Assets/Palette2/ExampleTiles_71.asset using Guid(115fe32aa8fd8de4ba7fe580dfdc2e66) Importer(815301076,1909f56bfc062723c751e8b465ee728b)  -> (artifact id: 'de40227a65120cb671327405f00c04d6') in 0.023278 seconds 
========================================================================
Received Import Request.
  Time since last request: 0.000579 seconds.
  path: Assets/Palette2/ExampleTiles_72.asset
  artifactKey: Guid(d6cf86c648a0d4542a7416483d2ac1c1) Importer(815301076,1909f56bfc062723c751e8b465ee728b)
Start importing Assets/Palette2/ExampleTiles_72.asset using Guid(d6cf86c648a0d4542a7416483d2ac1c1) Importer(815301076,1909f56bfc062723c751e8b465ee728b)  -> (artifact id: 'f10a157314ad5766ba5725b5141e4a95') in 0.022416 seconds 
========================================================================
Received Import Request.
  Time since last request: 0.000522 seconds.
  path: Assets/Palette2/ExampleTiles_57.asset
  artifactKey: Guid(2caffee51f9daad4d8e22409d9890e61) Importer(815301076,1909f56bfc062723c751e8b465ee728b)
Start importing Assets/Palette2/ExampleTiles_57.asset using Guid(2caffee51f9daad4d8e22409d9890e61) Importer(815301076,1909f56bfc062723c751e8b465ee728b)  -> (artifact id: 'c2c74bd8ad4feb9f86dca07628ee1f83') in 0.022575 seconds 
========================================================================
Received Import Request.
  Time since last request: 0.000468 seconds.
  path: Assets/Palettes/Tilesheet1.prefab
  artifactKey: Guid(8055ef5494de1e74788522210640ab6a) Importer(815301076,1909f56bfc062723c751e8b465ee728b)
Start importing Assets/Palettes/Tilesheet1.prefab using Guid(8055ef5494de1e74788522210640ab6a) Importer(815301076,1909f56bfc062723c751e8b465ee728b)  -> (artifact id: '41d1df5cf1d8cf7831aea44c935a7510') in 0.019313 seconds 
========================================================================
Received Import Request.
  Time since last request: 0.000465 seconds.
  path: Assets/Palette2/ExampleTiles_50.asset
  artifactKey: Guid(5f58648e60bb7404c9040752012955e0) Importer(815301076,1909f56bfc062723c751e8b465ee728b)
Start importing Assets/Palette2/ExampleTiles_50.asset using Guid(5f58648e60bb7404c9040752012955e0) Importer(815301076,1909f56bfc062723c751e8b465ee728b)  -> (artifact id: '3d8fa3fc7d6987ca5bf610ee02f801bc') in 0.022580 seconds 
========================================================================
Received Import Request.
  Time since last request: 0.000499 seconds.
  path: Assets/Palette2/ExampleTiles_62.asset
  artifactKey: Guid(38e6fe6e1c322174d80ca4f7277c5d6f) Importer(815301076,1909f56bfc062723c751e8b465ee728b)
Start importing Assets/Palette2/ExampleTiles_62.asset using Guid(38e6fe6e1c322174d80ca4f7277c5d6f) Importer(815301076,1909f56bfc062723c751e8b465ee728b)  -> (artifact id: 'dc39857a5b1d3b985096da879fba31d3') in 0.042505 seconds 
========================================================================
Received Import Request.
  Time since last request: 0.000400 seconds.
  path: Assets/Palette2/ExampleTiles_38.asset
  artifactKey: Guid(3ffcbaa6291fac043a39995a2d3ece7e) Importer(815301076,1909f56bfc062723c751e8b465ee728b)
Start importing Assets/Palette2/ExampleTiles_38.asset using Guid(3ffcbaa6291fac043a39995a2d3ece7e) Importer(815301076,1909f56bfc062723c751e8b465ee728b)  -> (artifact id: 'd266421061d064bfeca67ef999141d71') in 0.023624 seconds 
========================================================================
Received Import Request.
  Time since last request: 0.000622 seconds.
  path: Assets/Palette2/ExampleTiles_22.asset
  artifactKey: Guid(bb01c0795178e9a4f9a0627209489de6) Importer(815301076,1909f56bfc062723c751e8b465ee728b)
Start importing Assets/Palette2/ExampleTiles_22.asset using Guid(bb01c0795178e9a4f9a0627209489de6) Importer(815301076,1909f56bfc062723c751e8b465ee728b)  -> (artifact id: 'd25e6186f4f7ab74aa123ed345ed3ec5') in 0.024871 seconds 
========================================================================
Received Import Request.
  Time since last request: 0.000638 seconds.
  path: Assets/Palette2/ExampleTiles_61.asset
  artifactKey: Guid(938438f0d6ff1fb48bc88952f4adb2b5) Importer(815301076,1909f56bfc062723c751e8b465ee728b)
Start importing Assets/Palette2/ExampleTiles_61.asset using Guid(938438f0d6ff1fb48bc88952f4adb2b5) Importer(815301076,1909f56bfc062723c751e8b465ee728b)  -> (artifact id: '6cd4cf8ef9db9de4ef23b61bc27e2203') in 0.023245 seconds 
========================================================================
Received Import Request.
  Time since last request: 0.000693 seconds.
  path: Assets/Palette2/ExampleTiles_55.asset
  artifactKey: Guid(9dd054eeb855aa34c811c70e22aab281) Importer(815301076,1909f56bfc062723c751e8b465ee728b)
Start importing Assets/Palette2/ExampleTiles_55.asset using Guid(9dd054eeb855aa34c811c70e22aab281) Importer(815301076,1909f56bfc062723c751e8b465ee728b)  -> (artifact id: '8805f0e97b9dff0561a5c8ab9cd24444') in 0.028793 seconds 
========================================================================
Received Import Request.
  Time since last request: 0.000751 seconds.
  path: Assets/Palette2/ExampleTiles_10.asset
  artifactKey: Guid(f5e1c393bfd632a43a42132b3508a89c) Importer(815301076,1909f56bfc062723c751e8b465ee728b)
Start importing Assets/Palette2/ExampleTiles_10.asset using Guid(f5e1c393bfd632a43a42132b3508a89c) Importer(815301076,1909f56bfc062723c751e8b465ee728b)  -> (artifact id: 'fb3e2251434a431caf031270b335d37f') in 0.022945 seconds 
========================================================================
Received Import Request.
  Time since last request: 0.000552 seconds.
  path: Assets/Palette2/ExampleTiles_29.asset
  artifactKey: Guid(93bf1051db383f14182b1ab52b38914a) Importer(815301076,1909f56bfc062723c751e8b465ee728b)
Start importing Assets/Palette2/ExampleTiles_29.asset using Guid(93bf1051db383f14182b1ab52b38914a) Importer(815301076,1909f56bfc062723c751e8b465ee728b)  -> (artifact id: 'fed85406fcefa469c4b9f6ffe128a6a7') in 0.068594 seconds 
========================================================================
Received Import Request.
  Time since last request: 0.000524 seconds.
  path: Assets/Palette2/ExampleTiles_15.asset
  artifactKey: Guid(a983e6cbb09eef74fae1a3effd336dc9) Importer(815301076,1909f56bfc062723c751e8b465ee728b)
Start importing Assets/Palette2/ExampleTiles_15.asset using Guid(a983e6cbb09eef74fae1a3effd336dc9) Importer(815301076,1909f56bfc062723c751e8b465ee728b)  -> (artifact id: 'c6381f429a093cdcce12d8213471f6d5') in 0.024147 seconds 
========================================================================
Received Import Request.
  Time since last request: 0.000525 seconds.
  path: Assets/Palette2/ExampleTiles_70.asset
  artifactKey: Guid(d0fa4488adc05d24cbb000de32a5ab0c) Importer(815301076,1909f56bfc062723c751e8b465ee728b)
Start importing Assets/Palette2/ExampleTiles_70.asset using Guid(d0fa4488adc05d24cbb000de32a5ab0c) Importer(815301076,1909f56bfc062723c751e8b465ee728b)  -> (artifact id: '941720d120cae7f87d1626e8b6efce0b') in 0.023373 seconds 
========================================================================
Received Import Request.
  Time since last request: 0.000481 seconds.
  path: Assets/Palette2/ExampleTiles_45.asset
  artifactKey: Guid(e7080ef37c864a14fb83d91b2332d3ee) Importer(815301076,1909f56bfc062723c751e8b465ee728b)
Start importing Assets/Palette2/ExampleTiles_45.asset using Guid(e7080ef37c864a14fb83d91b2332d3ee) Importer(815301076,1909f56bfc062723c751e8b465ee728b)  -> (artifact id: '8edbe42727cf6b090f6e81458bdad49f') in 0.022790 seconds 
========================================================================
Received Import Request.
  Time since last request: 0.000512 seconds.
  path: Assets/Palette2/ExampleTiles_7.asset
  artifactKey: Guid(ce1b489267fd9784c84361f1987f5958) Importer(815301076,1909f56bfc062723c751e8b465ee728b)
Start importing Assets/Palette2/ExampleTiles_7.asset using Guid(ce1b489267fd9784c84361f1987f5958) Importer(815301076,1909f56bfc062723c751e8b465ee728b)  -> (artifact id: '7b7170ef284c2fb77f6b5acd3a77219d') in 0.021984 seconds 
========================================================================
Received Import Request.
  Time since last request: 0.000543 seconds.
  path: Assets/Palette2/ExampleTiles_21.asset
  artifactKey: Guid(c3ec9c6385ad167408e831665fc1ea96) Importer(815301076,1909f56bfc062723c751e8b465ee728b)
Start importing Assets/Palette2/ExampleTiles_21.asset using Guid(c3ec9c6385ad167408e831665fc1ea96) Importer(815301076,1909f56bfc062723c751e8b465ee728b)  -> (artifact id: '9378d443187d607803780286076c05a1') in 0.022391 seconds 
========================================================================
Received Import Request.
  Time since last request: 0.000721 seconds.
  path: Assets/Palette2/ExampleTiles_6.asset
  artifactKey: Guid(c9eede8c77219d54bb951a255ca9ec53) Importer(815301076,1909f56bfc062723c751e8b465ee728b)
Start importing Assets/Palette2/ExampleTiles_6.asset using Guid(c9eede8c77219d54bb951a255ca9ec53) Importer(815301076,1909f56bfc062723c751e8b465ee728b)  -> (artifact id: 'e4d12798b82760bcfe17fefaf0b3f729') in 0.021936 seconds 
========================================================================
Received Import Request.
  Time since last request: 0.000549 seconds.
  path: Assets/Palette2/ExampleTiles_47.asset
  artifactKey: Guid(20be1b09ad0a55746857e8e2f6e715bf) Importer(815301076,1909f56bfc062723c751e8b465ee728b)
Start importing Assets/Palette2/ExampleTiles_47.asset using Guid(20be1b09ad0a55746857e8e2f6e715bf) Importer(815301076,1909f56bfc062723c751e8b465ee728b)  -> (artifact id: '14381acf17d86ae3171ce9f07e95ec67') in 0.027424 seconds 
========================================================================
Received Import Request.
  Time since last request: 0.000597 seconds.
  path: Assets/Palette2/ExampleTiles_42.asset
  artifactKey: Guid(19c0bba3a92b3254c9b00cdecc09d8de) Importer(815301076,1909f56bfc062723c751e8b465ee728b)
Start importing Assets/Palette2/ExampleTiles_42.asset using Guid(19c0bba3a92b3254c9b00cdecc09d8de) Importer(815301076,1909f56bfc062723c751e8b465ee728b)  -> (artifact id: 'e18cb466d37fe87a44561b213e3cb89a') in 0.032653 seconds 
========================================================================
Received Import Request.
  Time since last request: 0.001194 seconds.
  path: Assets/Palette2/ExampleTiles_56.asset
  artifactKey: Guid(bcdac4228718f764a82d7d1a2e581d67) Importer(815301076,1909f56bfc062723c751e8b465ee728b)
Start importing Assets/Palette2/ExampleTiles_56.asset using Guid(bcdac4228718f764a82d7d1a2e581d67) Importer(815301076,1909f56bfc062723c751e8b465ee728b)  -> (artifact id: '77d75f9c98de5d2a89be1e3b13bcb949') in 0.024142 seconds 
========================================================================
Received Import Request.
  Time since last request: 0.000536 seconds.
  path: Assets/Palette2/ExampleTiles_73.asset
  artifactKey: Guid(3f622859434a715498b94a3fba8dd2dc) Importer(815301076,1909f56bfc062723c751e8b465ee728b)
Start importing Assets/Palette2/ExampleTiles_73.asset using Guid(3f622859434a715498b94a3fba8dd2dc) Importer(815301076,1909f56bfc062723c751e8b465ee728b)  -> (artifact id: '6718ea13dde5de9499f81b4c19e8ee28') in 0.024585 seconds 
========================================================================
Received Import Request.
  Time since last request: 0.000511 seconds.
  path: Assets/Palette2/ExampleTiles_0.asset
  artifactKey: Guid(efb6baec4d021ae4083c6052aeb07104) Importer(815301076,1909f56bfc062723c751e8b465ee728b)
Start importing Assets/Palette2/ExampleTiles_0.asset using Guid(efb6baec4d021ae4083c6052aeb07104) Importer(815301076,1909f56bfc062723c751e8b465ee728b)  -> (artifact id: '04a66fca4267481868b55f144ac74cf1') in 0.023590 seconds 
========================================================================
Received Import Request.
  Time since last request: 0.000483 seconds.
  path: Assets/Palette2/ExampleTiles_2.asset
  artifactKey: Guid(b3524fbcca61fff4589cf796b73d1871) Importer(815301076,1909f56bfc062723c751e8b465ee728b)
Start importing Assets/Palette2/ExampleTiles_2.asset using Guid(b3524fbcca61fff4589cf796b73d1871) Importer(815301076,1909f56bfc062723c751e8b465ee728b)  -> (artifact id: '267ceb92c4a94d39c90893ca89741996') in 0.024647 seconds 
========================================================================
Received Import Request.
  Time since last request: 0.000473 seconds.
  path: Assets/Palette2/ExampleTiles_8.asset
  artifactKey: Guid(90c7b9e35b383a74f841b30b5bb10f50) Importer(815301076,1909f56bfc062723c751e8b465ee728b)
Start importing Assets/Palette2/ExampleTiles_8.asset using Guid(90c7b9e35b383a74f841b30b5bb10f50) Importer(815301076,1909f56bfc062723c751e8b465ee728b)  -> (artifact id: 'd8e8e06c8cb4579824f0cfed3ef078bb') in 0.023622 seconds 
========================================================================
Received Import Request.
  Time since last request: 0.000464 seconds.
  path: Assets/Palette2/ExampleTiles_4.asset
  artifactKey: Guid(37ee134f826bf5b4092a3d27e75532c1) Importer(815301076,1909f56bfc062723c751e8b465ee728b)
Start importing Assets/Palette2/ExampleTiles_4.asset using Guid(37ee134f826bf5b4092a3d27e75532c1) Importer(815301076,1909f56bfc062723c751e8b465ee728b)  -> (artifact id: 'b99ef13dde72020a359c36bb4180cf2f') in 0.025022 seconds 
========================================================================
Received Import Request.
  Time since last request: 0.000521 seconds.
  path: Assets/Palette2/ExampleTiles_65.asset
  artifactKey: Guid(3b0b3b1dbecb0cf418de4b866df3fbb3) Importer(815301076,1909f56bfc062723c751e8b465ee728b)
Start importing Assets/Palette2/ExampleTiles_65.asset using Guid(3b0b3b1dbecb0cf418de4b866df3fbb3) Importer(815301076,1909f56bfc062723c751e8b465ee728b)  -> (artifact id: '377b792eb50c9d39d8460291243622f7') in 0.024637 seconds 
========================================================================
Received Import Request.
  Time since last request: 3.584996 seconds.
  path: Assets/Script 1/MovePlayer.cs
  artifactKey: Guid(0b27c9708c6d22c478457dc37d79d0ab) Importer(815301076,1909f56bfc062723c751e8b465ee728b)
Start importing Assets/Script 1/MovePlayer.cs using Guid(0b27c9708c6d22c478457dc37d79d0ab) Importer(815301076,1909f56bfc062723c751e8b465ee728b)  -> (artifact id: '82a274d009a9e7b9b645ed59c80800b1') in 0.013876 seconds 
========================================================================
Received Prepare
Registering precompiled user dll's ...
Registered in 0.003348 seconds.
Begin MonoManager ReloadAssembly
Native extension for WindowsStandalone target not found
Refreshing native plugins compatible for Editor in 0.75 ms, found 1 plugins.
Preloading 0 native plugins for Editor in 0.00 ms.
Mono: successfully reloaded assembly
- Completed reload, in  2.053 seconds
Platform modules already initialized, skipping
Refreshing native plugins compatible for Editor in 0.74 ms, found 1 plugins.
Preloading 0 native plugins for Editor in 0.00 ms.
Unloading 1831 Unused Serialized files (Serialized files now loaded: 0)
System memory in use before: 93.5 MB.
System memory in use after: 93.6 MB.

Unloading 8 unused Assets to reduce memory usage. Loaded Objects now: 2378.
Total: 4.945940 ms (FindLiveObjects: 0.283578 ms CreateObjectMapping: 0.164244 ms MarkObjects: 4.461548 ms  DeleteObjects: 0.034645 ms)

========================================================================
Received Prepare
Registering precompiled user dll's ...
Registered in 0.002345 seconds.
Begin MonoManager ReloadAssembly
Native extension for WindowsStandalone target not found
Refreshing native plugins compatible for Editor in 0.81 ms, found 1 plugins.
Preloading 0 native plugins for Editor in 0.00 ms.
Mono: successfully reloaded assembly
- Completed reload, in  2.158 seconds
Platform modules already initialized, skipping
Refreshing native plugins compatible for Editor in 0.85 ms, found 1 plugins.
Preloading 0 native plugins for Editor in 0.00 ms.
Unloading 1830 Unused Serialized files (Serialized files now loaded: 0)
System memory in use before: 93.5 MB.
System memory in use after: 93.6 MB.

Unloading 8 unused Assets to reduce memory usage. Loaded Objects now: 2381.
Total: 5.766521 ms (FindLiveObjects: 0.334905 ms CreateObjectMapping: 0.225195 ms MarkObjects: 5.174343 ms  DeleteObjects: 0.029513 ms)

========================================================================
Received Import Request.
  Time since last request: 783.602242 seconds.
  path: Assets/Script 1/MovePlayer.cs
  artifactKey: Guid(0b27c9708c6d22c478457dc37d79d0ab) Importer(815301076,1909f56bfc062723c751e8b465ee728b)
Start importing Assets/Script 1/MovePlayer.cs using Guid(0b27c9708c6d22c478457dc37d79d0ab) Importer(815301076,1909f56bfc062723c751e8b465ee728b)  -> (artifact id: 'a29096ddd04e3b0177f986a74a5d41ca') in 0.011831 seconds 
========================================================================
Received Prepare
Registering precompiled user dll's ...
Registered in 0.002092 seconds.
Begin MonoManager ReloadAssembly
Native extension for WindowsStandalone target not found
Refreshing native plugins compatible for Editor in 0.65 ms, found 1 plugins.
Preloading 0 native plugins for Editor in 0.00 ms.
Mono: successfully reloaded assembly
- Completed reload, in  2.058 seconds
Platform modules already initialized, skipping
Refreshing native plugins compatible for Editor in 0.75 ms, found 1 plugins.
Preloading 0 native plugins for Editor in 0.00 ms.
Unloading 1830 Unused Serialized files (Serialized files now loaded: 0)
System memory in use before: 93.5 MB.
System memory in use after: 93.6 MB.

Unloading 8 unused Assets to reduce memory usage. Loaded Objects now: 2384.
Total: 6.293900 ms (FindLiveObjects: 0.446540 ms CreateObjectMapping: 0.196965 ms MarkObjects: 5.609334 ms  DeleteObjects: 0.037212 ms)

========================================================================
Received Prepare
Registering precompiled user dll's ...
Registered in 0.002564 seconds.
Begin MonoManager ReloadAssembly
Native extension for WindowsStandalone target not found
Refreshing native plugins compatible for Editor in 0.79 ms, found 1 plugins.
Preloading 0 native plugins for Editor in 0.00 ms.
Mono: successfully reloaded assembly
- Completed reload, in  2.022 seconds
Platform modules already initialized, skipping
Refreshing native plugins compatible for Editor in 0.74 ms, found 1 plugins.
Preloading 0 native plugins for Editor in 0.00 ms.
Unloading 1830 Unused Serialized files (Serialized files now loaded: 0)
System memory in use before: 93.5 MB.
System memory in use after: 93.6 MB.

Unloading 8 unused Assets to reduce memory usage. Loaded Objects now: 2387.
Total: 5.173701 ms (FindLiveObjects: 0.294485 ms CreateObjectMapping: 0.164886 ms MarkObjects: 4.683534 ms  DeleteObjects: 0.028871 ms)

========================================================================
Received Prepare
Registering precompiled user dll's ...
Registered in 0.002562 seconds.
Begin MonoManager ReloadAssembly
Native extension for WindowsStandalone target not found
Refreshing native plugins compatible for Editor in 0.59 ms, found 1 plugins.
Preloading 0 native plugins for Editor in 0.00 ms.
Mono: successfully reloaded assembly
- Completed reload, in  2.037 seconds
Platform modules already initialized, skipping
Refreshing native plugins compatible for Editor in 0.75 ms, found 1 plugins.
Preloading 0 native plugins for Editor in 0.00 ms.
Unloading 1830 Unused Serialized files (Serialized files now loaded: 0)
System memory in use before: 93.5 MB.
System memory in use after: 93.6 MB.

Unloading 8 unused Assets to reduce memory usage. Loaded Objects now: 2390.
Total: 5.404029 ms (FindLiveObjects: 0.293844 ms CreateObjectMapping: 0.172585 ms MarkObjects: 4.899747 ms  DeleteObjects: 0.035287 ms)

========================================================================
Received Prepare
Registering precompiled user dll's ...
Registered in 0.002385 seconds.
Begin MonoManager ReloadAssembly
Native extension for WindowsStandalone target not found
Refreshing native plugins compatible for Editor in 0.68 ms, found 1 plugins.
Preloading 0 native plugins for Editor in 0.00 ms.
Mono: successfully reloaded assembly
- Completed reload, in  2.006 seconds
Platform modules already initialized, skipping
Refreshing native plugins compatible for Editor in 0.87 ms, found 1 plugins.
Preloading 0 native plugins for Editor in 0.00 ms.
Unloading 1830 Unused Serialized files (Serialized files now loaded: 0)
System memory in use before: 93.5 MB.
System memory in use after: 93.6 MB.

Unloading 8 unused Assets to reduce memory usage. Loaded Objects now: 2393.
Total: 4.972887 ms (FindLiveObjects: 0.290636 ms CreateObjectMapping: 0.163603 ms MarkObjects: 4.484003 ms  DeleteObjects: 0.031437 ms)

========================================================================
Received Prepare
Registering precompiled user dll's ...
Registered in 0.002436 seconds.
Begin MonoManager ReloadAssembly
Native extension for WindowsStandalone target not found
Refreshing native plugins compatible for Editor in 1.08 ms, found 1 plugins.
Preloading 0 native plugins for Editor in 0.00 ms.
Mono: successfully reloaded assembly
- Completed reload, in  2.515 seconds
Platform modules already initialized, skipping
Refreshing native plugins compatible for Editor in 0.76 ms, found 1 plugins.
Preloading 0 native plugins for Editor in 0.00 ms.
Unloading 1830 Unused Serialized files (Serialized files now loaded: 0)
System memory in use before: 93.5 MB.
System memory in use after: 93.6 MB.

Unloading 8 unused Assets to reduce memory usage. Loaded Objects now: 2396.
Total: 5.460488 ms (FindLiveObjects: 0.295768 ms CreateObjectMapping: 0.165528 ms MarkObjects: 4.954281 ms  DeleteObjects: 0.041703 ms)

========================================================================
Received Prepare
Registering precompiled user dll's ...
Registered in 0.002262 seconds.
Begin MonoManager ReloadAssembly
Native extension for WindowsStandalone target not found
Refreshing native plugins compatible for Editor in 0.59 ms, found 1 plugins.
Preloading 0 native plugins for Editor in 0.00 ms.
Mono: successfully reloaded assembly
- Completed reload, in  1.948 seconds
Platform modules already initialized, skipping
Refreshing native plugins compatible for Editor in 0.77 ms, found 1 plugins.
Preloading 0 native plugins for Editor in 0.00 ms.
Unloading 1830 Unused Serialized files (Serialized files now loaded: 0)
System memory in use before: 93.5 MB.
System memory in use after: 93.7 MB.

Unloading 8 unused Assets to reduce memory usage. Loaded Objects now: 2399.
Total: 4.899747 ms (FindLiveObjects: 0.292560 ms CreateObjectMapping: 0.168094 ms MarkObjects: 4.408296 ms  DeleteObjects: 0.028230 ms)

========================================================================
Received Prepare
Registering precompiled user dll's ...
Registered in 0.002393 seconds.
Begin MonoManager ReloadAssembly
Native extension for WindowsStandalone target not found
Refreshing native plugins compatible for Editor in 0.75 ms, found 1 plugins.
Preloading 0 native plugins for Editor in 0.00 ms.
Mono: successfully reloaded assembly
- Completed reload, in  2.473 seconds
Platform modules already initialized, skipping
Refreshing native plugins compatible for Editor in 0.77 ms, found 1 plugins.
Preloading 0 native plugins for Editor in 0.00 ms.
Unloading 1830 Unused Serialized files (Serialized files now loaded: 0)
System memory in use before: 93.6 MB.
System memory in use after: 93.7 MB.

Unloading 8 unused Assets to reduce memory usage. Loaded Objects now: 2402.
Total: 6.469051 ms (FindLiveObjects: 0.303467 ms CreateObjectMapping: 0.171302 ms MarkObjects: 5.961562 ms  DeleteObjects: 0.030154 ms)

========================================================================
Received Import Request.
  Time since last request: 1912.772088 seconds.
  path: Assets/Echelle/Ladder.prefab
  artifactKey: Guid(741714a444d34f440bf44c44b0bdcfad) Importer(815301076,1909f56bfc062723c751e8b465ee728b)
Start importing Assets/Echelle/Ladder.prefab using Guid(741714a444d34f440bf44c44b0bdcfad) Importer(815301076,1909f56bfc062723c751e8b465ee728b)  -> (artifact id: 'daa56db1fec2720c2423e4bfe3be80fa') in 0.064001 seconds 
========================================================================
Received Prepare
Registering precompiled user dll's ...
Registered in 0.002071 seconds.
Begin MonoManager ReloadAssembly
Native extension for WindowsStandalone target not found
Refreshing native plugins compatible for Editor in 0.63 ms, found 1 plugins.
Preloading 0 native plugins for Editor in 0.00 ms.
Mono: successfully reloaded assembly
- Completed reload, in  2.041 seconds
Platform modules already initialized, skipping
Refreshing native plugins compatible for Editor in 0.77 ms, found 1 plugins.
Preloading 0 native plugins for Editor in 0.00 ms.
Unloading 1830 Unused Serialized files (Serialized files now loaded: 0)
System memory in use before: 93.6 MB.
System memory in use after: 93.7 MB.

Unloading 8 unused Assets to reduce memory usage. Loaded Objects now: 2405.
Total: 6.007114 ms (FindLiveObjects: 0.302184 ms CreateObjectMapping: 0.171302 ms MarkObjects: 5.486151 ms  DeleteObjects: 0.042986 ms)

========================================================================
Received Import Request.
  Time since last request: 677.199279 seconds.
  path: Assets/Animations/chest/OpenChest.anim
  artifactKey: Guid(1fc0cbc768c334a4eb891946c703fed6) Importer(815301076,1909f56bfc062723c751e8b465ee728b)
Start importing Assets/Animations/chest/OpenChest.anim using Guid(1fc0cbc768c334a4eb891946c703fed6) Importer(815301076,1909f56bfc062723c751e8b465ee728b)  -> (artifact id: '91c25cd668c41cfa4cceecd41660c823') in 0.043926 seconds 
========================================================================
Received Import Request.
  Time since last request: 39.692624 seconds.
  path: Assets/Animations/chest/Chest.controller
  artifactKey: Guid(e7a23d870a1f4444abcddd8ee8bca8e8) Importer(815301076,1909f56bfc062723c751e8b465ee728b)
Start importing Assets/Animations/chest/Chest.controller using Guid(e7a23d870a1f4444abcddd8ee8bca8e8) Importer(815301076,1909f56bfc062723c751e8b465ee728b)  -> (artifact id: '84bf8ebe0ecf4ac28407330f505c6fc0') in 0.016628 seconds 
========================================================================
Received Prepare
Registering precompiled user dll's ...
Registered in 0.002503 seconds.
Begin MonoManager ReloadAssembly
Native extension for WindowsStandalone target not found
Refreshing native plugins compatible for Editor in 0.63 ms, found 1 plugins.
Preloading 0 native plugins for Editor in 0.00 ms.
Mono: successfully reloaded assembly
- Completed reload, in  2.049 seconds
Platform modules already initialized, skipping
Refreshing native plugins compatible for Editor in 1.05 ms, found 1 plugins.
Preloading 0 native plugins for Editor in 0.00 ms.
Unloading 1831 Unused Serialized files (Serialized files now loaded: 0)
System memory in use before: 93.6 MB.
System memory in use after: 93.7 MB.

Unloading 8 unused Assets to reduce memory usage. Loaded Objects now: 2408.
Total: 4.868951 ms (FindLiveObjects: 0.370192 ms CreateObjectMapping: 0.166169 ms MarkObjects: 4.303077 ms  DeleteObjects: 0.027588 ms)

========================================================================
Received Prepare
Registering precompiled user dll's ...
Registered in 0.002396 seconds.
Begin MonoManager ReloadAssembly
Native extension for WindowsStandalone target not found
Refreshing native plugins compatible for Editor in 0.77 ms, found 1 plugins.
Preloading 0 native plugins for Editor in 0.00 ms.
Mono: successfully reloaded assembly
- Completed reload, in  2.260 seconds
Platform modules already initialized, skipping
Refreshing native plugins compatible for Editor in 1.15 ms, found 1 plugins.
Preloading 0 native plugins for Editor in 0.00 ms.
Unloading 1831 Unused Serialized files (Serialized files now loaded: 0)
System memory in use before: 93.6 MB.
System memory in use after: 93.7 MB.

Unloading 8 unused Assets to reduce memory usage. Loaded Objects now: 2411.
Total: 6.453654 ms (FindLiveObjects: 0.419593 ms CreateObjectMapping: 0.205306 ms MarkObjects: 5.786410 ms  DeleteObjects: 0.039136 ms)

========================================================================
Received Prepare
Registering precompiled user dll's ...
Registered in 0.002253 seconds.
Begin MonoManager ReloadAssembly
Native extension for WindowsStandalone target not found
Refreshing native plugins compatible for Editor in 0.67 ms, found 1 plugins.
Preloading 0 native plugins for Editor in 0.00 ms.
Mono: successfully reloaded assembly
- Completed reload, in  2.247 seconds
Platform modules already initialized, skipping
Refreshing native plugins compatible for Editor in 0.74 ms, found 1 plugins.
Preloading 0 native plugins for Editor in 0.00 ms.
Unloading 1831 Unused Serialized files (Serialized files now loaded: 0)
System memory in use before: 93.6 MB.
System memory in use after: 93.7 MB.

Unloading 8 unused Assets to reduce memory usage. Loaded Objects now: 2414.
Total: 5.603560 ms (FindLiveObjects: 0.329772 ms CreateObjectMapping: 0.197607 ms MarkObjects: 5.043461 ms  DeleteObjects: 0.030154 ms)

========================================================================
Received Prepare
Registering precompiled user dll's ...
Registered in 0.002295 seconds.
Begin MonoManager ReloadAssembly
Native extension for WindowsStandalone target not found
Refreshing native plugins compatible for Editor in 0.89 ms, found 1 plugins.
Preloading 0 native plugins for Editor in 0.00 ms.
Mono: successfully reloaded assembly
- Completed reload, in  2.020 seconds
Platform modules already initialized, skipping
Refreshing native plugins compatible for Editor in 1.15 ms, found 1 plugins.
Preloading 0 native plugins for Editor in 0.00 ms.
Unloading 1831 Unused Serialized files (Serialized files now loaded: 0)
System memory in use before: 93.6 MB.
System memory in use after: 93.7 MB.

Unloading 8 unused Assets to reduce memory usage. Loaded Objects now: 2417.
Total: 5.292394 ms (FindLiveObjects: 0.295768 ms CreateObjectMapping: 0.166169 ms MarkObjects: 4.799019 ms  DeleteObjects: 0.028871 ms)

========================================================================
Received Prepare
Registering precompiled user dll's ...
Registered in 0.002587 seconds.
Begin MonoManager ReloadAssembly
Native extension for WindowsStandalone target not found
Refreshing native plugins compatible for Editor in 0.78 ms, found 1 plugins.
Preloading 0 native plugins for Editor in 0.00 ms.
Mono: successfully reloaded assembly
- Completed reload, in  2.387 seconds
Platform modules already initialized, skipping
Refreshing native plugins compatible for Editor in 0.92 ms, found 1 plugins.
Preloading 0 native plugins for Editor in 0.00 ms.
Unloading 1831 Unused Serialized files (Serialized files now loaded: 0)
System memory in use before: 93.6 MB.
System memory in use after: 93.7 MB.

Unloading 8 unused Assets to reduce memory usage. Loaded Objects now: 2420.
Total: 6.045609 ms (FindLiveObjects: 0.490809 ms CreateObjectMapping: 0.224553 ms MarkObjects: 5.293677 ms  DeleteObjects: 0.034004 ms)

========================================================================
Received Prepare
Registering precompiled user dll's ...
Registered in 0.002366 seconds.
Begin MonoManager ReloadAssembly
Native extension for WindowsStandalone target not found
Refreshing native plugins compatible for Editor in 0.70 ms, found 1 plugins.
Preloading 0 native plugins for Editor in 0.00 ms.
Mono: successfully reloaded assembly
- Completed reload, in  2.168 seconds
Platform modules already initialized, skipping
Refreshing native plugins compatible for Editor in 1.08 ms, found 1 plugins.
Preloading 0 native plugins for Editor in 0.00 ms.
Unloading 1831 Unused Serialized files (Serialized files now loaded: 0)
System memory in use before: 93.6 MB.
System memory in use after: 93.8 MB.

Unloading 8 unused Assets to reduce memory usage. Loaded Objects now: 2423.
Total: 5.183967 ms (FindLiveObjects: 0.298335 ms CreateObjectMapping: 0.268822 ms MarkObjects: 4.578315 ms  DeleteObjects: 0.035928 ms)

========================================================================
Received Prepare
Registering precompiled user dll's ...
Registered in 0.003230 seconds.
Begin MonoManager ReloadAssembly
Native extension for WindowsStandalone target not found
Refreshing native plugins compatible for Editor in 0.82 ms, found 1 plugins.
Preloading 0 native plugins for Editor in 0.00 ms.
Mono: successfully reloaded assembly
- Completed reload, in  2.478 seconds
Platform modules already initialized, skipping
Refreshing native plugins compatible for Editor in 1.09 ms, found 1 plugins.
Preloading 0 native plugins for Editor in 0.00 ms.
Unloading 1831 Unused Serialized files (Serialized files now loaded: 0)
System memory in use before: 93.7 MB.
System memory in use after: 93.8 MB.

Unloading 8 unused Assets to reduce memory usage. Loaded Objects now: 2426.
Total: 5.121092 ms (FindLiveObjects: 0.304109 ms CreateObjectMapping: 0.179642 ms MarkObjects: 4.604620 ms  DeleteObjects: 0.030154 ms)

========================================================================
Received Prepare
Registering precompiled user dll's ...
Registered in 0.002293 seconds.
Begin MonoManager ReloadAssembly
Native extension for WindowsStandalone target not found
Refreshing native plugins compatible for Editor in 0.69 ms, found 1 plugins.
Preloading 0 native plugins for Editor in 0.00 ms.
Mono: successfully reloaded assembly
- Completed reload, in  2.193 seconds
Platform modules already initialized, skipping
Refreshing native plugins compatible for Editor in 0.84 ms, found 1 plugins.
Preloading 0 native plugins for Editor in 0.00 ms.
Unloading 1831 Unused Serialized files (Serialized files now loaded: 0)
System memory in use before: 93.7 MB.
System memory in use after: 93.8 MB.

Unloading 8 unused Assets to reduce memory usage. Loaded Objects now: 2429.
Total: 5.087088 ms (FindLiveObjects: 0.298335 ms CreateObjectMapping: 0.230969 ms MarkObjects: 4.528272 ms  DeleteObjects: 0.027588 ms)

========================================================================
Received Import Request.
  Time since last request: 1402.796267 seconds.
  path: Assets/Prefabs/Chest.prefab
  artifactKey: Guid(6ec1b6b49a0bf8245834a81c00d4592f) Importer(815301076,1909f56bfc062723c751e8b465ee728b)
Start importing Assets/Prefabs/Chest.prefab using Guid(6ec1b6b49a0bf8245834a81c00d4592f) Importer(815301076,1909f56bfc062723c751e8b465ee728b) The Animator Controller (Chest) you have used is not valid. Animations will not play
UnityEngine.StackTraceUtility:ExtractStackTrace ()
UnityEditor.EditorUtility:Internal_InstantiateRemoveAllNonAnimationComponentsSingle (UnityEngine.Object,UnityEngine.Vector3,UnityEngine.Quaternion)
UnityEditor.EditorUtility:InstantiateRemoveAllNonAnimationComponents (UnityEngine.Object,UnityEngine.Vector3,UnityEngine.Quaternion)
UnityEditor.EditorUtility:InstantiateForAnimatorPreview (UnityEngine.Object)
UnityEditor.GameObjectInspector/PreviewData:UpdateGameObject (UnityEngine.Object)
UnityEditor.GameObjectInspector/PreviewData:.ctor (UnityEngine.Object)
UnityEditor.GameObjectInspector:GetPreviewData ()
UnityEditor.GameObjectInspector:RenderStaticPreview (string,UnityEngine.Object[],int,int)
UnityEditor.AssetPreviewUpdater:CreatePreview (UnityEngine.Object,UnityEngine.Object[],string,int,int)
UnityEditor.AssetPreviewUpdater:CreatePreviewForAsset (UnityEngine.Object,UnityEngine.Object[],string)

[C:\buildslave\unity\build\Modules/Animation/Director/AnimatorControllerPlayable.cpp line 333]

The Animator Controller (Chest) you have used is not valid. Animations will not play
UnityEngine.StackTraceUtility:ExtractStackTrace ()
UnityEditor.EditorUtility:InitInstantiatedPreviewRecursive (UnityEngine.GameObject)
UnityEditor.EditorUtility:InstantiateForAnimatorPreview (UnityEngine.Object)
UnityEditor.GameObjectInspector/PreviewData:UpdateGameObject (UnityEngine.Object)
UnityEditor.GameObjectInspector/PreviewData:.ctor (UnityEngine.Object)
UnityEditor.GameObjectInspector:GetPreviewData ()
UnityEditor.GameObjectInspector:RenderStaticPreview (string,UnityEngine.Object[],int,int)
UnityEditor.AssetPreviewUpdater:CreatePreview (UnityEngine.Object,UnityEngine.Object[],string,int,int)
UnityEditor.AssetPreviewUpdater:CreatePreviewForAsset (UnityEngine.Object,UnityEngine.Object[],string)

[C:\buildslave\unity\build\Modules/Animation/Director/AnimatorControllerPlayable.cpp line 333]

 -> (artifact id: 'eedfad1e966f347f7a5e5d114c54a8b1') in 0.359215 seconds 
========================================================================
Received Prepare
Registering precompiled user dll's ...
Registered in 0.003395 seconds.
Begin MonoManager ReloadAssembly
Native extension for WindowsStandalone target not found
Refreshing native plugins compatible for Editor in 0.75 ms, found 1 plugins.
Preloading 0 native plugins for Editor in 0.00 ms.
Mono: successfully reloaded assembly
- Completed reload, in  2.265 seconds
Platform modules already initialized, skipping
Refreshing native plugins compatible for Editor in 1.18 ms, found 1 plugins.
Preloading 0 native plugins for Editor in 0.00 ms.
Unloading 1831 Unused Serialized files (Serialized files now loaded: 0)
System memory in use before: 93.8 MB.
System memory in use after: 93.9 MB.

Unloading 8 unused Assets to reduce memory usage. Loaded Objects now: 2437.
Total: 4.984435 ms (FindLiveObjects: 0.345170 ms CreateObjectMapping: 0.165528 ms MarkObjects: 4.441659 ms  DeleteObjects: 0.028871 ms)

========================================================================
Received Prepare
Registering precompiled user dll's ...
Registered in 0.001992 seconds.
Begin MonoManager ReloadAssembly
Native extension for WindowsStandalone target not found
Refreshing native plugins compatible for Editor in 0.74 ms, found 1 plugins.
Preloading 0 native plugins for Editor in 0.00 ms.
Mono: successfully reloaded assembly
- Completed reload, in  2.064 seconds
Platform modules already initialized, skipping
Refreshing native plugins compatible for Editor in 0.74 ms, found 1 plugins.
Preloading 0 native plugins for Editor in 0.00 ms.
Unloading 1831 Unused Serialized files (Serialized files now loaded: 0)
System memory in use before: 93.8 MB.
System memory in use after: 93.9 MB.

Unloading 8 unused Assets to reduce memory usage. Loaded Objects now: 2440.
Total: 4.752183 ms (FindLiveObjects: 0.304109 ms CreateObjectMapping: 0.165528 ms MarkObjects: 4.251109 ms  DeleteObjects: 0.028871 ms)

AssetImportWorkerClient::OnTransportError - code=2 error=End of file
