Using pre-set license
Built from '2021.1/release' branch; Version is '2021.1.4f1 (4cd64a618c1b) revision 5035594'; Using compiler version '192528614'; Build Type 'Release'
OS: 'Windows 7  (6.1.0) 64bit' Language: 'fr' Physical Memory: 8110 MB
BatchMode: 1, IsHumanControllingUs: 0, StartBugReporterOnCrash: 0, Is64bit: 1, IsPro: 0

 COMMAND LINE ARGUMENTS:
C:\Program Files\Unity 2021.1.4f1\Editor\Unity.exe
-adb2
-batchMode
-noUpm
-name
AssetImportWorker5
-projectPath
C:/Users/nathanael/Desktop/Ariane/Projet ariane/Ariane
-logFile
Logs/AssetImportWorker5.log
-srvPort
64136
Successfully changed project path to: C:/Users/nathanael/Desktop/Ariane/Projet ariane/Ariane
C:/Users/nathanael/Desktop/Ariane/Projet ariane/Ariane
Using Asset Import Pipeline V2.
Refreshing native plugins compatible for Editor in 94.77 ms, found 1 plugins.
Preloading 0 native plugins for Editor in 0.00 ms.
Initialize engine version: 2021.1.4f1 (4cd64a618c1b)
[Subsystems] Discovering subsystems at path C:/Program Files/Unity 2021.1.4f1/Editor/Data/Resources/UnitySubsystems
[Subsystems] Discovering subsystems at path C:/Users/nathanael/Desktop/Ariane/Projet ariane/Ariane/Assets
GfxDevice: creating device client; threaded=0; jobified=0
d3d11: CreateDXGIFactory2(...) not found, fallbacking to CreateDXGIFactory1(...).
d3d11: QueryInterface(IDXGIFactory5) failed (80004002).
Direct3D:
    Version:  Direct3D 11.0 [level 11.0]
    Renderer: AMD Mobility Radeon HD 5800 Series (ID=0x68a0)
    Vendor:   ATI
    VRAM:     1010 MB
    Driver:   14.501.1003.0
Initialize mono
Mono path[0] = 'C:/Program Files/Unity 2021.1.4f1/Editor/Data/Managed'
Mono path[1] = 'C:/Program Files/Unity 2021.1.4f1/Editor/Data/MonoBleedingEdge/lib/mono/unityjit'
Mono config path = 'C:/Program Files/Unity 2021.1.4f1/Editor/Data/MonoBleedingEdge/etc'
Using monoOptions --debugger-agent=transport=dt_socket,embedding=1,server=y,suspend=n,address=127.0.0.1:56848
Begin MonoManager ReloadAssembly
Registering precompiled unity dll's ...
Register platform support module: C:/Program Files/Unity 2021.1.4f1/Editor/Data/PlaybackEngines/WindowsStandaloneSupport/UnityEditor.WindowsStandalone.Extensions.dll
Registered in 0.004131 seconds.
Native extension for WindowsStandalone target not found
Refreshing native plugins compatible for Editor in 84.18 ms, found 1 plugins.
Preloading 0 native plugins for Editor in 0.00 ms.
Mono: successfully reloaded assembly
- Completed reload, in  2.900 seconds
Platform modules already initialized, skipping
Registering precompiled user dll's ...
Registered in 0.001765 seconds.
Begin MonoManager ReloadAssembly
Native extension for WindowsStandalone target not found
Refreshing native plugins compatible for Editor in 95.63 ms, found 1 plugins.
Preloading 0 native plugins for Editor in 0.00 ms.
Mono: successfully reloaded assembly
- Completed reload, in  2.502 seconds
Platform modules already initialized, skipping
========================================================================
Worker process is ready to serve import requests
Launched and connected shader compiler UnityShaderCompiler.exe after 0.19 seconds
Refreshing native plugins compatible for Editor in 1.04 ms, found 1 plugins.
Preloading 0 native plugins for Editor in 0.00 ms.
Unloading 1839 Unused Serialized files (Serialized files now loaded: 0)
System memory in use before: 87.1 MB.
System memory in use after: 87.2 MB.

Unloading 19 unused Assets to reduce memory usage. Loaded Objects now: 2303.
Total: 5.466023 ms (FindLiveObjects: 0.335532 ms CreateObjectMapping: 0.241865 ms MarkObjects: 4.773789 ms  DeleteObjects: 0.110989 ms)

========================================================================
Received Import Request.
  path: Assets/Animations/player
  artifactKey: Guid(b6d4ac5f5a03e2044af1d2c591fcb86f) Importer(815301076,1909f56bfc062723c751e8b465ee728b)
Start importing Assets/Animations/player using Guid(b6d4ac5f5a03e2044af1d2c591fcb86f) Importer(815301076,1909f56bfc062723c751e8b465ee728b)  -> (artifact id: '1c897679c94b41938ec62ec98b085abc') in 0.023403 seconds 
========================================================================
Received Import Request.
  Time since last request: 0.003820 seconds.
  path: Assets/Animations/player/Player.controller
  artifactKey: Guid(207ae579bbe272844bfb6424608a4c49) Importer(815301076,1909f56bfc062723c751e8b465ee728b)
Start importing Assets/Animations/player/Player.controller using Guid(207ae579bbe272844bfb6424608a4c49) Importer(815301076,1909f56bfc062723c751e8b465ee728b)  -> (artifact id: '2e6dafa1897d07d945f8784e77529887') in 0.637626 seconds 
========================================================================
Received Import Request.
  Time since last request: 77.150373 seconds.
  path: Assets/titouan art/ariane.png
  artifactKey: Guid(f874073912824f74982478c606bd4f86) Importer(815301076,1909f56bfc062723c751e8b465ee728b)
Start importing Assets/titouan art/ariane.png using Guid(f874073912824f74982478c606bd4f86) Importer(815301076,1909f56bfc062723c751e8b465ee728b)  -> (artifact id: '1fea536c165d79354c84ba45c403673f') in 0.592590 seconds 
========================================================================
Received Import Request.
  Time since last request: 0.000669 seconds.
  path: Assets/Sprites personnages/ariane_1.png
  artifactKey: Guid(687cfbfb13b3b13489ee382e2358a9b3) Importer(815301076,1909f56bfc062723c751e8b465ee728b)
Start importing Assets/Sprites personnages/ariane_1.png using Guid(687cfbfb13b3b13489ee382e2358a9b3) Importer(815301076,1909f56bfc062723c751e8b465ee728b)  -> (artifact id: '436677827eea9921204dd392c70e1dbf') in 0.111642 seconds 
========================================================================
Received Import Request.
  Time since last request: 0.000397 seconds.
  path: Assets/Sprites/characters (1).png
  artifactKey: Guid(bcd8bcc23c477bd4a9f7e4b7c62d0c78) Importer(815301076,1909f56bfc062723c751e8b465ee728b)
Start importing Assets/Sprites/characters (1).png using Guid(bcd8bcc23c477bd4a9f7e4b7c62d0c78) Importer(815301076,1909f56bfc062723c751e8b465ee728b)  -> (artifact id: '4e6bc03e6cd02189ed2b11880a1af8f5') in 0.436210 seconds 
========================================================================
Received Import Request.
  Time since last request: 2.651825 seconds.
  path: Assets/Animations
  artifactKey: Guid(7d0f49400ab86ec41be6e3843a848ce9) Importer(815301076,1909f56bfc062723c751e8b465ee728b)
Start importing Assets/Animations using Guid(7d0f49400ab86ec41be6e3843a848ce9) Importer(815301076,1909f56bfc062723c751e8b465ee728b)  -> (artifact id: 'ef9b2b825893f97351426cf81ec27b38') in 0.018968 seconds 
AssetImportWorkerClient::OnTransportError - code=2 error=End of file
